#
# There is insufficient memory for the Java Runtime Environment to continue.
# Native memory allocation (mmap) failed to map 53477376 bytes for committing reserved memory.
# Possible reasons:
#   The system is out of physical RAM or swap space
#   The process is running with CompressedOops enabled, and the Java Heap may be blocking the growth of the native heap
# Possible solutions:
#   Reduce memory load on the system
#   Increase physical memory or swap space
#   Check if swap backing store is full
#   Decrease Java heap size (-Xmx/-Xms)
#   Decrease number of Java threads
#   Decrease Java thread stack sizes (-Xss)
#   Set larger code cache with -XX:ReservedCodeCacheSize=
#   JVM is running with Unscaled Compressed Oops mode in which the Java heap is
#     placed in the first 4GB address space. The Java Heap base address is the
#     maximum limit for the native heap growth. Please use -XX:HeapBaseMinAddress
#     to set the Java Heap base and to place the Java Heap above 4GB virtual address.
# This output file may be truncated or incomplete.
#
#  Out of Memory Error (os_linux.cpp:2884), pid=28807, tid=28817
#
# JRE version: OpenJDK Runtime Environment (11.0.4+10) (build 11.0.4+10-b520.11)
# Java VM: OpenJDK 64-Bit Server VM (11.0.4+10-b520.11, mixed mode, tiered, compressed oops, g1 gc, linux-amd64)
# Core dump will be written. Default location: Core dumps may be processed with "/usr/share/apport/apport %p %s %c %d %P" (or dumping to /home/aleksey/IdeaProjects/Mb1/core.28807)
#

---------------  S U M M A R Y ------------

Command Line: --add-opens=java.base/java.util=ALL-UNNAMED --add-opens=java.base/java.lang=ALL-UNNAMED --add-opens=java.base/java.lang.invoke=ALL-UNNAMED --add-opens=java.prefs/java.util.prefs=ALL-UNNAMED -XX:MaxMetaspaceSize=256m -XX:+HeapDumpOnOutOfMemoryError -Xmx512m -Dfile.encoding=UTF-8 -Duser.country=RU -Duser.language=ru -Duser.variant org.gradle.launcher.daemon.bootstrap.GradleDaemon 5.2.1

Host: AMD A6-7310 APU with AMD Radeon R4 Graphics, 4 cores, 4G, Ubuntu 18.04.3 LTS
Time: Tue Dec 10 01:00:13 2019 MSK elapsed time: 54 seconds (0d 0h 0m 54s)

---------------  T H R E A D  ---------------

Current thread (0x00007f1f280fc800):  VMThread "VM Thread" [stack: 0x00007f1f0537a000,0x00007f1f0547a000] [id=28817]

Stack: [0x00007f1f0537a000,0x00007f1f0547a000],  sp=0x00007f1f05478010,  free space=1016k
Native frames: (J=compiled Java code, A=aot compiled Java code, j=interpreted, Vv=VM code, C=native code)
V  [libjvm.so+0xd9795a]  VMError::report_and_die(int, char const*, char const*, __va_list_tag*, Thread*, unsigned char*, void*, void*, char const*, int, unsigned long)+0x18a
V  [libjvm.so+0xd987f3]  VMError::report_and_die(Thread*, char const*, int, unsigned long, VMErrorType, char const*, __va_list_tag*)+0x43
V  [libjvm.so+0x698f08]  report_vm_out_of_memory(char const*, int, unsigned long, VMErrorType, char const*, ...)+0xe8
V  [libjvm.so+0xb9e249]  os::pd_commit_memory_or_exit(char*, unsigned long, unsigned long, bool, char const*)+0xe9
V  [libjvm.so+0xb9589d]  os::commit_memory_or_exit(char*, unsigned long, unsigned long, bool, char const*)+0x1d
V  [libjvm.so+0x7a06d1]  G1PageBasedVirtualSpace::commit_preferred_pages(unsigned long, unsigned long)+0x71
V  [libjvm.so+0x7a0825]  G1PageBasedVirtualSpace::commit_internal(unsigned long, unsigned long)+0x85
V  [libjvm.so+0x7a0a1a]  G1PageBasedVirtualSpace::commit(unsigned long, unsigned long)+0x10a
V  [libjvm.so+0x7a82d6]  G1RegionsLargerThanCommitSizeMapper::commit_regions(unsigned int, unsigned long, WorkGang*)+0x46
V  [libjvm.so+0x8109e8]  HeapRegionManager::commit_regions(unsigned int, unsigned long, WorkGang*)+0x88
V  [libjvm.so+0x811544]  HeapRegionManager::make_regions_available(unsigned int, unsigned int, WorkGang*)+0x34
V  [libjvm.so+0x811a49]  HeapRegionManager::expand_by(unsigned int, WorkGang*)+0x79
V  [libjvm.so+0x7643a0]  G1CollectedHeap::expand(unsigned long, WorkGang*, double*)+0xc0
V  [libjvm.so+0x768227]  G1CollectedHeap::do_collection_pause_at_safepoint(double)+0xac7
V  [libjvm.so+0xda1c42]  VM_G1CollectForAllocation::doit()+0x82
V  [libjvm.so+0xda0c50]  VM_Operation::evaluate()+0xe0
V  [libjvm.so+0xd9e767]  VMThread::evaluate_operation(VM_Operation*)+0xc7
V  [libjvm.so+0xd9eb75]  VMThread::loop()+0x255
V  [libjvm.so+0xd9f08d]  VMThread::run()+0x6d
V  [libjvm.so+0xd36686]  Thread::call_run()+0x146
V  [libjvm.so+0xba3df8]  thread_native_entry(Thread*)+0xf8

VM_Operation (0x00007f1e93ff92f0): G1CollectForAllocation, mode: safepoint, requested by thread 0x00007f1eb0a1f000


---------------  P R O C E S S  ---------------

Threads class SMR info:
_java_thread_list=0x00007f1eac086280, length=36, elements={
0x00007f1f28012800, 0x00007f1f28105000, 0x00007f1f28109800, 0x00007f1f2811c000,
0x00007f1f2811e000, 0x00007f1f28120000, 0x00007f1f28122000, 0x00007f1f281ca000,
0x00007f1f281d1000, 0x00007f1f29287800, 0x00007f1f292be000, 0x00007f1ec4013800,
0x00007f1eb4003800, 0x00007f1eb4006000, 0x00007f1eb4008000, 0x00007f1eb000b000,
0x00007f1eb0010800, 0x00007f1eb0016800, 0x00007f1eb0111000, 0x00007f1eb00fb000,
0x00007f1eb00fe000, 0x00007f1eb0590800, 0x00007f1eb0a48000, 0x00007f1eb0a5b000,
0x00007f1eb0a89000, 0x00007f1eb0a95800, 0x00007f1eb01f1800, 0x00007f1eb024a800,
0x00007f1eb024b800, 0x00007f1eb0a1f000, 0x00007f1eb0a20800, 0x00007f1eb01e7000,
0x00007f1eac013800, 0x00007f1e94002000, 0x00007f1eac085000, 0x00007f1eac089800
}

Java Threads: ( => current thread )
  0x00007f1f28012800 JavaThread "main" [_thread_blocked, id=28811, stack(0x00007f1f30b1c000,0x00007f1f30c1d000)]
  0x00007f1f28105000 JavaThread "Reference Handler" daemon [_thread_blocked, id=28818, stack(0x00007f1f05277000,0x00007f1f05378000)]
  0x00007f1f28109800 JavaThread "Finalizer" daemon [_thread_blocked, id=28819, stack(0x00007f1f05176000,0x00007f1f05277000)]
  0x00007f1f2811c000 JavaThread "Signal Dispatcher" daemon [_thread_blocked, id=28820, stack(0x00007f1f046a6000,0x00007f1f047a7000)]
  0x00007f1f2811e000 JavaThread "C2 CompilerThread0" daemon [_thread_blocked, id=28821, stack(0x00007f1f045a5000,0x00007f1f046a6000)]
  0x00007f1f28120000 JavaThread "C1 CompilerThread0" daemon [_thread_blocked, id=28822, stack(0x00007f1f044a4000,0x00007f1f045a5000)]
  0x00007f1f28122000 JavaThread "Sweeper thread" daemon [_thread_blocked, id=28823, stack(0x00007f1f043a3000,0x00007f1f044a4000)]
  0x00007f1f281ca000 JavaThread "Common-Cleaner" daemon [_thread_blocked, id=28824, stack(0x00007f1f042a2000,0x00007f1f043a3000)]
  0x00007f1f281d1000 JavaThread "Service Thread" daemon [_thread_blocked, id=28825, stack(0x00007f1f041a1000,0x00007f1f042a2000)]
  0x00007f1f29287800 JavaThread "Incoming local TCP Connector on port 45247" [_thread_in_native, id=28829, stack(0x00007f1ed6bc0000,0x00007f1ed6cc1000)]
  0x00007f1f292be000 JavaThread "Daemon periodic checks" [_thread_blocked, id=28832, stack(0x00007f1ed68bb000,0x00007f1ed69bc000)]
  0x00007f1ec4013800 JavaThread "Daemon" [_thread_blocked, id=28833, stack(0x00007f1ed67ba000,0x00007f1ed68bb000)]
  0x00007f1eb4003800 JavaThread "Handler for socket connection from /127.0.0.1:45247 to /127.0.0.1:55982" [_thread_in_native, id=28834, stack(0x00007f1ed66b9000,0x00007f1ed67ba000)]
  0x00007f1eb4006000 JavaThread "Cancel handler" [_thread_blocked, id=28835, stack(0x00007f1ed63b8000,0x00007f1ed64b9000)]
  0x00007f1eb4008000 JavaThread "Daemon worker" [_thread_blocked, id=28836, stack(0x00007f1ed62b7000,0x00007f1ed63b8000)]
  0x00007f1eb000b000 JavaThread "Asynchronous log dispatcher for DefaultDaemonConnection: socket connection from /127.0.0.1:45247 to /127.0.0.1:55982" [_thread_blocked, id=28839, stack(0x00007f1ed61b6000,0x00007f1ed62b7000)]
  0x00007f1eb0010800 JavaThread "Stdin handler" [_thread_blocked, id=28840, stack(0x00007f1ed60b5000,0x00007f1ed61b6000)]
  0x00007f1eb0016800 JavaThread "Thread-7" [_thread_blocked, id=28841, stack(0x00007f1ed5fb4000,0x00007f1ed60b5000)]
  0x00007f1eb0111000 JavaThread "Cache worker for file hash cache (/home/aleksey/.gradle/caches/5.2.1/fileHashes)" [_thread_blocked, id=28842, stack(0x00007f1ed5cb3000,0x00007f1ed5db4000)]
  0x00007f1eb00fb000 JavaThread "File lock request listener" [_thread_in_native, id=28843, stack(0x00007f1ed5bb2000,0x00007f1ed5cb3000)]
  0x00007f1eb00fe000 JavaThread "Cache worker for journal cache (/home/aleksey/.gradle/caches/journal-1)" [_thread_blocked, id=28845, stack(0x00007f1ed5ab1000,0x00007f1ed5bb2000)]
  0x00007f1eb0590800 JavaThread "Cache worker for file hash cache (/home/aleksey/IdeaProjects/Mb1/.gradle/5.2.1/fileHashes)" [_thread_blocked, id=28846, stack(0x00007f1ed57b0000,0x00007f1ed58b1000)]
  0x00007f1eb0a48000 JavaThread "Cache worker for cache directory md-supplier (/home/aleksey/.gradle/caches/5.2.1/md-supplier)" [_thread_blocked, id=28873, stack(0x00007f1ed4aaf000,0x00007f1ed4bb0000)]
  0x00007f1eb0a5b000 JavaThread "Cache worker for cache directory md-rule (/home/aleksey/.gradle/caches/5.2.1/md-rule)" [_thread_blocked, id=28874, stack(0x00007f1ed49ae000,0x00007f1ed4aaf000)]
  0x00007f1eb0a89000 JavaThread "Cache worker for Build Output Cleanup Cache (/home/aleksey/IdeaProjects/Mb1/.gradle/buildOutputCleanup)" [_thread_blocked, id=28875, stack(0x00007f1ed48ad000,0x00007f1ed49ae000)]
  0x00007f1eb0a95800 JavaThread "Cache worker for execution history cache (/home/aleksey/.gradle/caches/5.2.1/executionHistory)" [_thread_blocked, id=28876, stack(0x00007f1ed47ac000,0x00007f1ed48ad000)]
  0x00007f1eb01f1800 JavaThread "Memory manager" [_thread_blocked, id=28893, stack(0x00007f1ed42ab000,0x00007f1ed43ac000)]
  0x00007f1eb024a800 JavaThread "Cache worker for file content cache (/home/aleksey/.gradle/caches/5.2.1/fileContent)" [_thread_blocked, id=28894, stack(0x00007f1ed41aa000,0x00007f1ed42ab000)]
  0x00007f1eb024b800 JavaThread "Cache worker for file content cache (/home/aleksey/IdeaProjects/Mb1/.gradle/5.2.1/fileContent)" [_thread_blocked, id=28895, stack(0x00007f1ed40a9000,0x00007f1ed41aa000)]
  0x00007f1eb0a1f000 JavaThread "Execution worker for ':'" [_thread_blocked, id=28896, stack(0x00007f1e93eff000,0x00007f1e94000000)]
  0x00007f1eb0a20800 JavaThread "Execution worker for ':' Thread 2" [_thread_blocked, id=28897, stack(0x00007f1e93dfe000,0x00007f1e93eff000)]
  0x00007f1eb01e7000 JavaThread "Execution worker for ':' Thread 3" [_thread_blocked, id=28898, stack(0x00007f1e93cfd000,0x00007f1e93dfe000)]
  0x00007f1eac013800 JavaThread "Cache worker for execution history cache (/home/aleksey/IdeaProjects/Mb1/.gradle/5.2.1/executionHistory)" [_thread_blocked, id=28899, stack(0x00007f1e93bfc000,0x00007f1e93cfd000)]
  0x00007f1e94002000 JavaThread "File lock release action executor" [_thread_blocked, id=28902, stack(0x00007f1e93afb000,0x00007f1e93bfc000)]
  0x00007f1eac085000 JavaThread "Cache worker for Java compile cache (/home/aleksey/.gradle/caches/5.2.1/javaCompile)" [_thread_blocked, id=28905, stack(0x00007f1e937fa000,0x00007f1e938fb000)]
  0x00007f1eac089800 JavaThread "Cache worker for Java compile cache (/home/aleksey/IdeaProjects/Mb1/.gradle/5.2.1/javaCompile)" [_thread_blocked, id=28906, stack(0x00007f1e936f9000,0x00007f1e937fa000)]

Other Threads:
=>0x00007f1f280fc800 VMThread "VM Thread" [stack: 0x00007f1f0537a000,0x00007f1f0547a000] [id=28817]
  0x00007f1f281d3800 WatcherThread [stack: 0x00007f1f040a1000,0x00007f1f041a1000] [id=28826]
  0x00007f1f28028800 GCTaskThread "GC Thread#0" [stack: 0x00007f1f2cb20000,0x00007f1f2cc20000] [id=28812]
  0x00007f1efc001000 GCTaskThread "GC Thread#1" [stack: 0x00007f1ed76d1000,0x00007f1ed77d1000] [id=28828]
  0x00007f1efc003800 GCTaskThread "GC Thread#2" [stack: 0x00007f1ed6ac0000,0x00007f1ed6bc0000] [id=28830]
  0x00007f1efc005000 GCTaskThread "GC Thread#3" [stack: 0x00007f1ed69be000,0x00007f1ed6abe000] [id=28831]
  0x00007f1f28039000 ConcurrentGCThread "G1 Main Marker" [stack: 0x00007f1f2c31a000,0x00007f1f2c41a000] [id=28813]
  0x00007f1f2803a800 ConcurrentGCThread "G1 Conc#0" [stack: 0x00007f1f2c218000,0x00007f1f2c318000] [id=28814]
  0x00007f1f28089800 ConcurrentGCThread "G1 Refine#0" [stack: 0x00007f1f05dff000,0x00007f1f05eff000] [id=28815]
  0x00007f1f2808b800 ConcurrentGCThread "G1 Young RemSet Sampling" [stack: 0x00007f1f05cfd000,0x00007f1f05dfd000] [id=28816]

Threads with active compile tasks:

VM state:at safepoint (normal execution)

VM Mutex/Monitor currently owned by a thread:  ([mutex/lock_event])
[0x00007f1f2800e7c0] Threads_lock - owner thread: 0x00007f1f280fc800
[0x00007f1f2800ef10] Heap_lock - owner thread: 0x00007f1eb0a1f000

Heap address: 0x00000000e0000000, size: 512 MB, Compressed Oops mode: 32-bit
Narrow klass base: 0x0000000000000000, Narrow klass shift: 3
Compressed class space size: 260046848 Address: 0x0000000100000000

Heap:
 garbage-first heap   total 132096K, used 26697K [0x00000000e0000000, 0x0000000100000000)
  region size 1024K, 2 young (2048K), 2 survivors (2048K)
 Metaspace       used 42600K, capacity 43436K, committed 43776K, reserved 292864K
  class space    used 5633K, capacity 5875K, committed 5888K, reserved 253952K
Heap Regions: E=young(eden), S=young(survivor), O=old, HS=humongous(starts), HC=humongous(continues), CS=collection set, F=free, A=archive, TAMS=top-at-mark-start (previous, next)
|   0|0x00000000e0000000, 0x00000000e0100000, 0x00000000e0100000|100%|HS|  |TAMS 0x00000000e0100000, 0x00000000e0000000| Complete 
|   1|0x00000000e0100000, 0x00000000e0200000, 0x00000000e0200000|100%|HS|  |TAMS 0x00000000e0200000, 0x00000000e0100000| Complete 
|   2|0x00000000e0200000, 0x00000000e0300000, 0x00000000e0300000|100%|HC|  |TAMS 0x00000000e0300000, 0x00000000e0200000| Complete 
|   3|0x00000000e0300000, 0x00000000e0400000, 0x00000000e0400000|100%| O|  |TAMS 0x00000000e0400000, 0x00000000e0300000| Untracked 
|   4|0x00000000e0400000, 0x00000000e0500000, 0x00000000e0500000|100%| O|  |TAMS 0x00000000e0500000, 0x00000000e0400000| Untracked 
|   5|0x00000000e0500000, 0x00000000e0600000, 0x00000000e0600000|100%| O|  |TAMS 0x00000000e0600000, 0x00000000e0500000| Untracked 
|   6|0x00000000e0600000, 0x00000000e0700000, 0x00000000e0700000|100%| O|  |TAMS 0x00000000e0700000, 0x00000000e0600000| Untracked 
|   7|0x00000000e0700000, 0x00000000e0800000, 0x00000000e0800000|100%| O|  |TAMS 0x00000000e0800000, 0x00000000e0700000| Untracked 
|   8|0x00000000e0800000, 0x00000000e0900000, 0x00000000e0900000|100%| O|  |TAMS 0x00000000e0900000, 0x00000000e0800000| Untracked 
|   9|0x00000000e0900000, 0x00000000e0a00000, 0x00000000e0a00000|100%| O|  |TAMS 0x00000000e0a00000, 0x00000000e0900000| Untracked 
|  10|0x00000000e0a00000, 0x00000000e0b00000, 0x00000000e0b00000|100%| O|  |TAMS 0x00000000e0b00000, 0x00000000e0a00000| Untracked 
|  11|0x00000000e0b00000, 0x00000000e0c00000, 0x00000000e0c00000|100%| O|  |TAMS 0x00000000e0c00000, 0x00000000e0b00000| Untracked 
|  12|0x00000000e0c00000, 0x00000000e0d00000, 0x00000000e0d00000|100%| O|  |TAMS 0x00000000e0d00000, 0x00000000e0c00000| Untracked 
|  13|0x00000000e0d00000, 0x00000000e0e00000, 0x00000000e0e00000|100%| O|  |TAMS 0x00000000e0e00000, 0x00000000e0d00000| Untracked 
|  14|0x00000000e0e00000, 0x00000000e0f00000, 0x00000000e0f00000|100%| O|  |TAMS 0x00000000e0f00000, 0x00000000e0e00000| Untracked 
|  15|0x00000000e0f00000, 0x00000000e1000000, 0x00000000e1000000|100%| O|  |TAMS 0x00000000e1000000, 0x00000000e0f00000| Untracked 
|  16|0x00000000e1000000, 0x00000000e1100000, 0x00000000e1100000|100%| O|  |TAMS 0x00000000e1100000, 0x00000000e1000000| Untracked 
|  17|0x00000000e1100000, 0x00000000e1200000, 0x00000000e1200000|100%| O|  |TAMS 0x00000000e1200000, 0x00000000e1100000| Untracked 
|  18|0x00000000e1200000, 0x00000000e1300000, 0x00000000e1300000|100%| O|  |TAMS 0x00000000e1300000, 0x00000000e1200000| Untracked 
|  19|0x00000000e1300000, 0x00000000e1400000, 0x00000000e1400000|100%| O|  |TAMS 0x00000000e1377600, 0x00000000e1300000| Untracked 
|  20|0x00000000e1400000, 0x00000000e1500000, 0x00000000e1500000|100%| O|  |TAMS 0x00000000e1400000, 0x00000000e1400000| Untracked 
|  21|0x00000000e1500000, 0x00000000e1600000, 0x00000000e1600000|100%| O|  |TAMS 0x00000000e1500000, 0x00000000e1500000| Untracked 
|  22|0x00000000e1600000, 0x00000000e1700000, 0x00000000e1700000|100%| O|  |TAMS 0x00000000e1600000, 0x00000000e1600000| Untracked 
|  23|0x00000000e1700000, 0x00000000e1800000, 0x00000000e1800000|100%| O|  |TAMS 0x00000000e1700000, 0x00000000e1700000| Untracked 
|  24|0x00000000e1800000, 0x00000000e1816200, 0x00000000e1900000|  8%| O|  |TAMS 0x00000000e1800000, 0x00000000e1800000| Untracked 
|  25|0x00000000e1900000, 0x00000000e1900000, 0x00000000e1a00000|  0%| F|  |TAMS 0x00000000e1900000, 0x00000000e1900000| Untracked 
|  26|0x00000000e1a00000, 0x00000000e1a00000, 0x00000000e1b00000|  0%| F|  |TAMS 0x00000000e1a00000, 0x00000000e1a00000| Untracked 
|  27|0x00000000e1b00000, 0x00000000e1b00000, 0x00000000e1c00000|  0%| F|  |TAMS 0x00000000e1b00000, 0x00000000e1b00000| Untracked 
|  28|0x00000000e1c00000, 0x00000000e1c00000, 0x00000000e1d00000|  0%| F|  |TAMS 0x00000000e1c00000, 0x00000000e1c00000| Untracked 
|  29|0x00000000e1d00000, 0x00000000e1d00000, 0x00000000e1e00000|  0%| F|  |TAMS 0x00000000e1d00000, 0x00000000e1d00000| Untracked 
|  30|0x00000000e1e00000, 0x00000000e1e00000, 0x00000000e1f00000|  0%| F|  |TAMS 0x00000000e1e00000, 0x00000000e1e00000| Untracked 
|  31|0x00000000e1f00000, 0x00000000e1f00000, 0x00000000e2000000|  0%| F|  |TAMS 0x00000000e1f00000, 0x00000000e1f00000| Untracked 
|  32|0x00000000e2000000, 0x00000000e2000000, 0x00000000e2100000|  0%| F|  |TAMS 0x00000000e2000000, 0x00000000e2000000| Untracked 
|  33|0x00000000e2100000, 0x00000000e2100000, 0x00000000e2200000|  0%| F|  |TAMS 0x00000000e2100000, 0x00000000e2100000| Untracked 
|  34|0x00000000e2200000, 0x00000000e2200000, 0x00000000e2300000|  0%| F|  |TAMS 0x00000000e2200000, 0x00000000e2200000| Untracked 
|  35|0x00000000e2300000, 0x00000000e2300000, 0x00000000e2400000|  0%| F|  |TAMS 0x00000000e2300000, 0x00000000e2300000| Untracked 
|  36|0x00000000e2400000, 0x00000000e2400000, 0x00000000e2500000|  0%| F|  |TAMS 0x00000000e2400000, 0x00000000e2400000| Untracked 
|  37|0x00000000e2500000, 0x00000000e2500000, 0x00000000e2600000|  0%| F|  |TAMS 0x00000000e2500000, 0x00000000e2500000| Untracked 
|  38|0x00000000e2600000, 0x00000000e2600000, 0x00000000e2700000|  0%| F|  |TAMS 0x00000000e2600000, 0x00000000e2600000| Untracked 
|  39|0x00000000e2700000, 0x00000000e2700000, 0x00000000e2800000|  0%| F|  |TAMS 0x00000000e2700000, 0x00000000e2700000| Untracked 
|  40|0x00000000e2800000, 0x00000000e2800000, 0x00000000e2900000|  0%| F|  |TAMS 0x00000000e2800000, 0x00000000e2800000| Untracked 
|  41|0x00000000e2900000, 0x00000000e2900000, 0x00000000e2a00000|  0%| F|  |TAMS 0x00000000e2900000, 0x00000000e2900000| Untracked 
|  42|0x00000000e2a00000, 0x00000000e2a00000, 0x00000000e2b00000|  0%| F|  |TAMS 0x00000000e2a00000, 0x00000000e2a00000| Untracked 
|  43|0x00000000e2b00000, 0x00000000e2b00000, 0x00000000e2c00000|  0%| F|  |TAMS 0x00000000e2b00000, 0x00000000e2b00000| Untracked 
|  44|0x00000000e2c00000, 0x00000000e2cfc5a8, 0x00000000e2d00000| 98%| S|CS|TAMS 0x00000000e2c00000, 0x00000000e2c00000| Complete 
|  45|0x00000000e2d00000, 0x00000000e2e00000, 0x00000000e2e00000|100%| S|CS|TAMS 0x00000000e2d00000, 0x00000000e2d00000| Complete 
|  46|0x00000000e2e00000, 0x00000000e2e00000, 0x00000000e2f00000|  0%| F|  |TAMS 0x00000000e2e00000, 0x00000000e2e00000| Untracked 
|  47|0x00000000e2f00000, 0x00000000e2f00000, 0x00000000e3000000|  0%| F|  |TAMS 0x00000000e2f00000, 0x00000000e2f00000| Untracked 
|  48|0x00000000e3000000, 0x00000000e3000000, 0x00000000e3100000|  0%| F|  |TAMS 0x00000000e3000000, 0x00000000e3000000| Untracked 
|  49|0x00000000e3100000, 0x00000000e3100000, 0x00000000e3200000|  0%| F|  |TAMS 0x00000000e3100000, 0x00000000e3100000| Untracked 
|  50|0x00000000e3200000, 0x00000000e3200000, 0x00000000e3300000|  0%| F|  |TAMS 0x00000000e3200000, 0x00000000e3200000| Untracked 
|  51|0x00000000e3300000, 0x00000000e3300000, 0x00000000e3400000|  0%| F|  |TAMS 0x00000000e3300000, 0x00000000e3300000| Untracked 
|  52|0x00000000e3400000, 0x00000000e3400000, 0x00000000e3500000|  0%| F|  |TAMS 0x00000000e3400000, 0x00000000e3400000| Untracked 
|  53|0x00000000e3500000, 0x00000000e3500000, 0x00000000e3600000|  0%| F|  |TAMS 0x00000000e3500000, 0x00000000e3500000| Untracked 
|  54|0x00000000e3600000, 0x00000000e3600000, 0x00000000e3700000|  0%| F|  |TAMS 0x00000000e3600000, 0x00000000e3600000| Untracked 
|  55|0x00000000e3700000, 0x00000000e3700000, 0x00000000e3800000|  0%| F|  |TAMS 0x00000000e3700000, 0x00000000e3700000| Untracked 
|  56|0x00000000e3800000, 0x00000000e3800000, 0x00000000e3900000|  0%| F|  |TAMS 0x00000000e3800000, 0x00000000e3800000| Untracked 
|  57|0x00000000e3900000, 0x00000000e3900000, 0x00000000e3a00000|  0%| F|  |TAMS 0x00000000e3900000, 0x00000000e3900000| Untracked 
|  58|0x00000000e3a00000, 0x00000000e3a00000, 0x00000000e3b00000|  0%| F|  |TAMS 0x00000000e3a00000, 0x00000000e3a00000| Untracked 
|  59|0x00000000e3b00000, 0x00000000e3b00000, 0x00000000e3c00000|  0%| F|  |TAMS 0x00000000e3b00000, 0x00000000e3b00000| Untracked 
|  60|0x00000000e3c00000, 0x00000000e3c00000, 0x00000000e3d00000|  0%| F|  |TAMS 0x00000000e3c00000, 0x00000000e3c00000| Untracked 
|  61|0x00000000e3d00000, 0x00000000e3d00000, 0x00000000e3e00000|  0%| F|  |TAMS 0x00000000e3d00000, 0x00000000e3d00000| Untracked 
|  62|0x00000000e3e00000, 0x00000000e3e00000, 0x00000000e3f00000|  0%| F|  |TAMS 0x00000000e3e00000, 0x00000000e3e00000| Untracked 
|  63|0x00000000e3f00000, 0x00000000e3f00000, 0x00000000e4000000|  0%| F|  |TAMS 0x00000000e3f00000, 0x00000000e3f00000| Untracked 
|  64|0x00000000e4000000, 0x00000000e4000000, 0x00000000e4100000|  0%| F|  |TAMS 0x00000000e4000000, 0x00000000e4000000| Untracked 
|  65|0x00000000e4100000, 0x00000000e4100000, 0x00000000e4200000|  0%| F|  |TAMS 0x00000000e4100000, 0x00000000e4100000| Untracked 
|  66|0x00000000e4200000, 0x00000000e4200000, 0x00000000e4300000|  0%| F|  |TAMS 0x00000000e4200000, 0x00000000e4200000| Untracked 
|  67|0x00000000e4300000, 0x00000000e4300000, 0x00000000e4400000|  0%| F|  |TAMS 0x00000000e4300000, 0x00000000e4300000| Untracked 
|  68|0x00000000e4400000, 0x00000000e4400000, 0x00000000e4500000|  0%| F|  |TAMS 0x00000000e4400000, 0x00000000e4400000| Untracked 
|  69|0x00000000e4500000, 0x00000000e4500000, 0x00000000e4600000|  0%| F|  |TAMS 0x00000000e4500000, 0x00000000e4500000| Untracked 
|  70|0x00000000e4600000, 0x00000000e4600000, 0x00000000e4700000|  0%| F|  |TAMS 0x00000000e4600000, 0x00000000e4600000| Untracked 
|  71|0x00000000e4700000, 0x00000000e4700000, 0x00000000e4800000|  0%| F|  |TAMS 0x00000000e4700000, 0x00000000e4700000| Untracked 
|  72|0x00000000e4800000, 0x00000000e4800000, 0x00000000e4900000|  0%| F|  |TAMS 0x00000000e4800000, 0x00000000e4800000| Untracked 
|  73|0x00000000e4900000, 0x00000000e4900000, 0x00000000e4a00000|  0%| F|  |TAMS 0x00000000e4900000, 0x00000000e4900000| Untracked 
|  74|0x00000000e4a00000, 0x00000000e4a00000, 0x00000000e4b00000|  0%| F|  |TAMS 0x00000000e4a00000, 0x00000000e4a00000| Untracked 
|  75|0x00000000e4b00000, 0x00000000e4b00000, 0x00000000e4c00000|  0%| F|  |TAMS 0x00000000e4b00000, 0x00000000e4b00000| Untracked 
|  76|0x00000000e4c00000, 0x00000000e4c00000, 0x00000000e4d00000|  0%| F|  |TAMS 0x00000000e4c00000, 0x00000000e4c00000| Untracked 
|  77|0x00000000e4d00000, 0x00000000e4d00000, 0x00000000e4e00000|  0%| F|  |TAMS 0x00000000e4d00000, 0x00000000e4d00000| Untracked 

Card table byte_map: [0x00007f1f2c51a000,0x00007f1f2c61a000] _byte_map_base: 0x00007f1f2be1a000

Marking Bits (Prev, Next): (CMBitMap*) 0x00007f1f28036038, (CMBitMap*) 0x00007f1f28036070
 Prev Bits: [0x00007f1f1494f000, 0x00007f1f1514f000)
 Next Bits: [0x00007f1f1414f000, 0x00007f1f1494f000)

Polling page: 0x00007f1f30c38000

Metaspace:

Usage:
  Non-class:     36,68 MB capacity,    36,10 MB ( 98%) used,   529,90 KB (  1%) free+waste,    64,00 KB ( <1%) overhead. 
      Class:      5,74 MB capacity,     5,50 MB ( 96%) used,   212,34 KB (  4%) free+waste,    29,06 KB ( <1%) overhead. 
       Both:     42,42 MB capacity,    41,60 MB ( 98%) used,   742,23 KB (  2%) free+waste,    93,06 KB ( <1%) overhead. 

Virtual space:
  Non-class space:       38,00 MB reserved,      37,00 MB ( 97%) committed 
      Class space:      248,00 MB reserved,       5,75 MB (  2%) committed 
             Both:      286,00 MB reserved,      42,75 MB ( 15%) committed 

Chunk freelists:
   Non-Class:  155,00 KB
       Class:  13,00 KB
        Both:  168,00 KB

CodeHeap 'non-profiled nmethods': size=120032Kb used=1563Kb max_used=1563Kb free=118468Kb
 bounds [0x00007f1f1cc17000, 0x00007f1f1ce87000, 0x00007f1f2414f000]
CodeHeap 'profiled nmethods': size=120032Kb used=6575Kb max_used=6575Kb free=113456Kb
 bounds [0x00007f1f156df000, 0x00007f1f15d4f000, 0x00007f1f1cc17000]
CodeHeap 'non-nmethods': size=5696Kb used=2174Kb max_used=2202Kb free=3521Kb
 bounds [0x00007f1f1514f000, 0x00007f1f153bf000, 0x00007f1f156df000]
 total_blobs=4626 nmethods=3097 adapters=667
 compilation: enabled
              stopped_count=0, restarted_count=0
 full_count=0

Compilation events (10 events):
Event: 45,958 Thread 0x00007f1f28120000 3244       3       java.util.ArrayList::contains (14 bytes)
Event: 46,839 Thread 0x00007f1f28120000 nmethod 3244 0x00007f1f15d4a290 code [0x00007f1f15d4a460, 0x00007f1f15d4a6e8]
Event: 48,310 Thread 0x00007f1f2811e000 3246       4       java.lang.Thread::interrupted (8 bytes)
Event: 48,310 Thread 0x00007f1f28120000 3247       3       sun.nio.cs.UTF_8$Decoder::decodeLoop (28 bytes)
Event: 49,013 Thread 0x00007f1f28120000 nmethod 3247 0x00007f1f15d4a790 code [0x00007f1f15d4a980, 0x00007f1f15d4adb8]
Event: 49,342 Thread 0x00007f1f28120000 3248       3       java.util.regex.Matcher::group (112 bytes)
Event: 50,393 Thread 0x00007f1f28120000 nmethod 3248 0x00007f1f15d4af10 code [0x00007f1f15d4b1e0, 0x00007f1f15d4bf08]
Event: 50,697 Thread 0x00007f1f28120000 3249       3       jdk.internal.misc.Unsafe::convEndian (16 bytes)
Event: 51,399 Thread 0x00007f1f28120000 nmethod 3249 0x00007f1f15d4c390 code [0x00007f1f15d4c540, 0x00007f1f15d4c750]
Event: 51,474 Thread 0x00007f1f2811e000 nmethod 3246 0x00007f1f1cd9da90 code [0x00007f1f1cd9dc20, 0x00007f1f1cd9dca8]

GC Heap History (10 events):
Event: 8,201 GC heap after
{Heap after GC invocations=7 (full 0):
 garbage-first heap   total 79872K, used 17194K [0x00000000e0000000, 0x0000000100000000)
  region size 1024K, 4 young (4096K), 4 survivors (4096K)
 Metaspace       used 26409K, capacity 26881K, committed 27136K, reserved 278528K
  class space    used 3331K, capacity 3490K, committed 3584K, reserved 253952K
}
Event: 10,093 GC heap before
{Heap before GC invocations=7 (full 0):
 garbage-first heap   total 79872K, used 52010K [0x00000000e0000000, 0x0000000100000000)
  region size 1024K, 36 young (36864K), 4 survivors (4096K)
 Metaspace       used 31964K, capacity 32553K, committed 32896K, reserved 282624K
  class space    used 3977K, capacity 4164K, committed 4224K, reserved 253952K
}
Event: 10,120 GC heap after
{Heap after GC invocations=8 (full 0):
 garbage-first heap   total 79872K, used 19836K [0x00000000e0000000, 0x0000000100000000)
  region size 1024K, 5 young (5120K), 5 survivors (5120K)
 Metaspace       used 31964K, capacity 32553K, committed 32896K, reserved 282624K
  class space    used 3977K, capacity 4164K, committed 4224K, reserved 253952K
}
Event: 11,568 GC heap before
{Heap before GC invocations=8 (full 0):
 garbage-first heap   total 79872K, used 43388K [0x00000000e0000000, 0x0000000100000000)
  region size 1024K, 29 young (29696K), 5 survivors (5120K)
 Metaspace       used 35051K, capacity 35773K, committed 35840K, reserved 286720K
  class space    used 4396K, capacity 4595K, committed 4608K, reserved 253952K
}
Event: 11,650 GC heap after
{Heap after GC invocations=9 (full 0):
 garbage-first heap   total 79872K, used 21420K [0x00000000e0000000, 0x0000000100000000)
  region size 1024K, 2 young (2048K), 2 survivors (2048K)
 Metaspace       used 35051K, capacity 35773K, committed 35840K, reserved 286720K
  class space    used 4396K, capacity 4595K, committed 4608K, reserved 253952K
}
Event: 13,245 GC heap before
{Heap before GC invocations=10 (full 0):
 garbage-first heap   total 79872K, used 52140K [0x00000000e0000000, 0x0000000100000000)
  region size 1024K, 32 young (32768K), 2 survivors (2048K)
 Metaspace       used 37764K, capacity 38530K, committed 38656K, reserved 288768K
  class space    used 4875K, capacity 5088K, committed 5120K, reserved 253952K
}
Event: 13,287 GC heap after
{Heap after GC invocations=11 (full 0):
 garbage-first heap   total 79872K, used 22083K [0x00000000e0000000, 0x0000000100000000)
  region size 1024K, 3 young (3072K), 3 survivors (3072K)
 Metaspace       used 37764K, capacity 38530K, committed 38656K, reserved 288768K
  class space    used 4875K, capacity 5088K, committed 5120K, reserved 253952K
}
Event: 24,254 GC heap before
{Heap before GC invocations=11 (full 0):
 garbage-first heap   total 79872K, used 53827K [0x00000000e0000000, 0x0000000100000000)
  region size 1024K, 34 young (34816K), 3 survivors (3072K)
 Metaspace       used 39077K, capacity 39856K, committed 40192K, reserved 288768K
  class space    used 5086K, capacity 5333K, committed 5376K, reserved 253952K
}
Event: 24,749 GC heap after
{Heap after GC invocations=12 (full 0):
 garbage-first heap   total 79872K, used 24935K [0x00000000e0000000, 0x0000000100000000)
  region size 1024K, 5 young (5120K), 5 survivors (5120K)
 Metaspace       used 39077K, capacity 39856K, committed 40192K, reserved 288768K
  class space    used 5086K, capacity 5333K, committed 5376K, reserved 253952K
}
Event: 52,442 GC heap before
{Heap before GC invocations=12 (full 0):
 garbage-first heap   total 79872K, used 55655K [0x00000000e0000000, 0x0000000100000000)
  region size 1024K, 36 young (36864K), 5 survivors (5120K)
 Metaspace       used 42600K, capacity 43436K, committed 43776K, reserved 292864K
  class space    used 5633K, capacity 5875K, committed 5888K, reserved 253952K
}

Deoptimization events (10 events):
Event: 38,629 Thread 0x00007f1eb0a1f000 DEOPT PACKING pc=0x00007f1f15d1a36f sp=0x00007f1e93ff6c10
Event: 38,629 Thread 0x00007f1eb0a1f000 DEOPT UNPACKING pc=0x00007f1f15176f3a sp=0x00007f1e93ff60b8 mode 0
Event: 39,561 Thread 0x00007f1eb0a1f000 Uncommon trap: trap_request=0xffffff4d fr.pc=0x00007f1f1ccd50d4 relative=0x0000000000000394
Event: 39,568 Thread 0x00007f1eb0a1f000 Uncommon trap: reason=unstable_if action=reinterpret pc=0x00007f1f1ccd50d4 method=java.lang.StringUTF16.compress([CII)[B @ 13 c2
Event: 39,568 Thread 0x00007f1eb0a1f000 DEOPT PACKING pc=0x00007f1f1ccd50d4 sp=0x00007f1e93ff9e50
Event: 39,576 Thread 0x00007f1eb0a1f000 DEOPT UNPACKING pc=0x00007f1f15177125 sp=0x00007f1e93ff9d90 mode 2
Event: 39,592 Thread 0x00007f1eb0a1f000 Uncommon trap: trap_request=0xffffff4d fr.pc=0x00007f1f1cc5cad8 relative=0x00000000000002b8
Event: 39,592 Thread 0x00007f1eb0a1f000 Uncommon trap: reason=unstable_if action=reinterpret pc=0x00007f1f1cc5cad8 method=java.lang.StringUTF16.compress([CI[BII)I @ 20 c2
Event: 39,592 Thread 0x00007f1eb0a1f000 DEOPT PACKING pc=0x00007f1f1cc5cad8 sp=0x00007f1e93ff9d30
Event: 39,606 Thread 0x00007f1eb0a1f000 DEOPT UNPACKING pc=0x00007f1f15177125 sp=0x00007f1e93ff9cf8 mode 2

Classes redefined (0 events):
No events

Internal exceptions (10 events):
Event: 38,950 Thread 0x00007f1eb0a1f000 Exception <a 'java/lang/ClassNotFoundException'{0x00000000e32db9c8}: org/gradle/api/internal/file/collections/DefaultConfigurableFileTreeBeanInfo> (0x00000000e32db9c8) thrown at [/opt/buildAgent/work/5ff2f6c26000d570/src/hotspot/share/classfile/systemDict
Event: 38,955 Thread 0x00007f1eb0a1f000 Exception <a 'java/lang/ClassNotFoundException'{0x00000000e32f1c48}: org/gradle/api/internal/file/CompositeFileTreeBeanInfo> (0x00000000e32f1c48) thrown at [/opt/buildAgent/work/5ff2f6c26000d570/src/hotspot/share/classfile/systemDictionary.cpp, line 231]
Event: 38,957 Thread 0x00007f1eb0a1f000 Exception <a 'java/lang/ClassNotFoundException'{0x00000000e31098e8}: org/gradle/api/internal/file/CompositeFileCollectionBeanInfo> (0x00000000e31098e8) thrown at [/opt/buildAgent/work/5ff2f6c26000d570/src/hotspot/share/classfile/systemDictionary.cpp, line
Event: 38,958 Thread 0x00007f1eb0a1f000 Exception <a 'java/lang/ClassNotFoundException'{0x00000000e31210e0}: org/gradle/api/internal/file/AbstractFileCollectionBeanInfo> (0x00000000e31210e0) thrown at [/opt/buildAgent/work/5ff2f6c26000d570/src/hotspot/share/classfile/systemDictionary.cpp, line 
Event: 38,959 Thread 0x00007f1eb0a1f000 Exception <a 'java/lang/ClassNotFoundException'{0x00000000e3138608}: org/gradle/api/internal/file/AbstractFileCollectionCustomizer> (0x00000000e3138608) thrown at [/opt/buildAgent/work/5ff2f6c26000d570/src/hotspot/share/classfile/systemDictionary.cpp, lin
Event: 38,978 Thread 0x00007f1eb0a1f000 Exception <a 'java/lang/ClassNotFoundException'{0x00000000e315a498}: org/gradle/api/internal/file/CompositeFileCollectionCustomizer> (0x00000000e315a498) thrown at [/opt/buildAgent/work/5ff2f6c26000d570/src/hotspot/share/classfile/systemDictionary.cpp, li
Event: 38,981 Thread 0x00007f1eb0a1f000 Exception <a 'java/lang/ClassNotFoundException'{0x00000000e317bb00}: org/gradle/api/internal/file/CompositeFileTreeCustomizer> (0x00000000e317bb00) thrown at [/opt/buildAgent/work/5ff2f6c26000d570/src/hotspot/share/classfile/systemDictionary.cpp, line 231
Event: 38,984 Thread 0x00007f1eb0a1f000 Exception <a 'java/lang/ClassNotFoundException'{0x00000000e319ea60}: org/gradle/api/internal/file/collections/DefaultConfigurableFileTreeCustomizer> (0x00000000e319ea60) thrown at [/opt/buildAgent/work/5ff2f6c26000d570/src/hotspot/share/classfile/systemDi
Event: 43,352 Thread 0x00007f1eb01f1800 Exception <a 'java/io/IOException'{0x00000000e439f698}> (0x00000000e439f698) thrown at [/opt/buildAgent/work/5ff2f6c26000d570/src/hotspot/share/prims/jni.cpp, line 615]
Event: 48,310 Thread 0x00007f1eb01f1800 Exception <a 'java/io/IOException'{0x00000000e2f85a38}> (0x00000000e2f85a38) thrown at [/opt/buildAgent/work/5ff2f6c26000d570/src/hotspot/share/prims/jni.cpp, line 615]

Events (10 events):
Event: 40,431 loading class org/gradle/api/internal/tasks/compile/NormalizingJavaCompiler$1 done
Event: 43,213 loading class org/gradle/api/internal/tasks/compile/JdkJavaCompilerResult
Event: 43,238 loading class org/gradle/api/internal/tasks/compile/JdkJavaCompilerResult done
Event: 44,785 loading class org/gradle/api/internal/tasks/compile/incremental/processing/AnnotationProcessingResult
Event: 44,823 loading class org/gradle/api/internal/tasks/compile/incremental/processing/AnnotationProcessingResult done
Event: 46,231 loading class org/gradle/api/internal/tasks/compile/JavaCompilerArgumentsBuilder
Event: 46,231 loading class org/gradle/api/internal/tasks/compile/JavaCompilerArgumentsBuilder done
Event: 48,375 loading class org/gradle/api/internal/tasks/compile/JdkTools
Event: 48,375 loading class org/gradle/api/internal/tasks/compile/JdkTools done
Event: 52,117 Executing VM operation: G1CollectForAllocation


Dynamic libraries:
00400000-00401000 r-xp 00000000 08:08 1447124                            /home/aleksey/idea-IU-193.5233.102/jbr/bin/java
00601000-00602000 r--p 00001000 08:08 1447124                            /home/aleksey/idea-IU-193.5233.102/jbr/bin/java
00602000-00603000 rw-p 00002000 08:08 1447124                            /home/aleksey/idea-IU-193.5233.102/jbr/bin/java
00d3c000-00d5d000 rw-p 00000000 00:00 0                                  [heap]
e0000000-e4e00000 rw-p 00000000 00:00 0 
e8100000-100000000 ---p 00000000 00:00 0 
100000000-1005c0000 rw-p 00000000 00:00 0 
1005c0000-10f800000 ---p 00000000 00:00 0 
7f1e934b3000-7f1e936f9000 rw-p 00000000 00:00 0 
7f1e936f9000-7f1e936fd000 ---p 00000000 00:00 0 
7f1e936fd000-7f1e937fa000 rw-p 00000000 00:00 0 
7f1e937fa000-7f1e937fe000 ---p 00000000 00:00 0 
7f1e937fe000-7f1e939fb000 rw-p 00000000 00:00 0 
7f1e939fb000-7f1e93afb000 ---p 00000000 00:00 0 
7f1e93afb000-7f1e93aff000 ---p 00000000 00:00 0 
7f1e93aff000-7f1e93bfc000 rw-p 00000000 00:00 0 
7f1e93bfc000-7f1e93c00000 ---p 00000000 00:00 0 
7f1e93c00000-7f1e93cfd000 rw-p 00000000 00:00 0 
7f1e93cfd000-7f1e93d01000 ---p 00000000 00:00 0 
7f1e93d01000-7f1e93dfe000 rw-p 00000000 00:00 0 
7f1e93dfe000-7f1e93e02000 ---p 00000000 00:00 0 
7f1e93e02000-7f1e93eff000 rw-p 00000000 00:00 0 
7f1e93eff000-7f1e93f03000 ---p 00000000 00:00 0 
7f1e93f03000-7f1e94000000 rw-p 00000000 00:00 0 
7f1e94000000-7f1e94021000 rw-p 00000000 00:00 0 
7f1e94021000-7f1e98000000 ---p 00000000 00:00 0 
7f1e98000000-7f1e98021000 rw-p 00000000 00:00 0 
7f1e98021000-7f1e9c000000 ---p 00000000 00:00 0 
7f1e9c000000-7f1e9c021000 rw-p 00000000 00:00 0 
7f1e9c021000-7f1ea0000000 ---p 00000000 00:00 0 
7f1ea0000000-7f1ea002f000 rw-p 00000000 00:00 0 
7f1ea002f000-7f1ea4000000 ---p 00000000 00:00 0 
7f1ea4000000-7f1ea4021000 rw-p 00000000 00:00 0 
7f1ea4021000-7f1ea8000000 ---p 00000000 00:00 0 
7f1ea8000000-7f1ea8021000 rw-p 00000000 00:00 0 
7f1ea8021000-7f1eac000000 ---p 00000000 00:00 0 
7f1eac000000-7f1eac0c5000 rw-p 00000000 00:00 0 
7f1eac0c5000-7f1eb0000000 ---p 00000000 00:00 0 
7f1eb0000000-7f1eb0b0f000 rw-p 00000000 00:00 0 
7f1eb0b0f000-7f1eb4000000 ---p 00000000 00:00 0 
7f1eb4000000-7f1eb4021000 rw-p 00000000 00:00 0 
7f1eb4021000-7f1eb8000000 ---p 00000000 00:00 0 
7f1eb8000000-7f1eb8027000 rw-p 00000000 00:00 0 
7f1eb8027000-7f1ebc000000 ---p 00000000 00:00 0 
7f1ebc000000-7f1ebc021000 rw-p 00000000 00:00 0 
7f1ebc021000-7f1ec0000000 ---p 00000000 00:00 0 
7f1ec0000000-7f1ec0023000 rw-p 00000000 00:00 0 
7f1ec0023000-7f1ec4000000 ---p 00000000 00:00 0 
7f1ec4000000-7f1ec4051000 rw-p 00000000 00:00 0 
7f1ec4051000-7f1ec8000000 ---p 00000000 00:00 0 
7f1ec8000000-7f1ec8021000 rw-p 00000000 00:00 0 
7f1ec8021000-7f1ecc000000 ---p 00000000 00:00 0 
7f1ecc000000-7f1ecc021000 rw-p 00000000 00:00 0 
7f1ecc021000-7f1ed0000000 ---p 00000000 00:00 0 
7f1ed0000000-7f1ed0021000 rw-p 00000000 00:00 0 
7f1ed0021000-7f1ed4000000 ---p 00000000 00:00 0 
7f1ed40a9000-7f1ed40ad000 ---p 00000000 00:00 0 
7f1ed40ad000-7f1ed41aa000 rw-p 00000000 00:00 0 
7f1ed41aa000-7f1ed41ae000 ---p 00000000 00:00 0 
7f1ed41ae000-7f1ed42ab000 rw-p 00000000 00:00 0 
7f1ed42ab000-7f1ed42af000 ---p 00000000 00:00 0 
7f1ed42af000-7f1ed45ac000 rw-p 00000000 00:00 0 
7f1ed45ac000-7f1ed47ac000 rw-p 00000000 00:00 0 
7f1ed47ac000-7f1ed47b0000 ---p 00000000 00:00 0 
7f1ed47b0000-7f1ed48ad000 rw-p 00000000 00:00 0 
7f1ed48ad000-7f1ed48b1000 ---p 00000000 00:00 0 
7f1ed48b1000-7f1ed49ae000 rw-p 00000000 00:00 0 
7f1ed49ae000-7f1ed49b2000 ---p 00000000 00:00 0 
7f1ed49b2000-7f1ed4aaf000 rw-p 00000000 00:00 0 
7f1ed4aaf000-7f1ed4ab3000 ---p 00000000 00:00 0 
7f1ed4ab3000-7f1ed4db0000 rw-p 00000000 00:00 0 
7f1ed4db0000-7f1ed4fb0000 rw-p 00000000 00:00 0 
7f1ed4fb0000-7f1ed51b0000 rw-p 00000000 00:00 0 
7f1ed51b0000-7f1ed53b0000 rw-p 00000000 00:00 0 
7f1ed53b0000-7f1ed55b0000 rw-p 00000000 00:00 0 
7f1ed55b0000-7f1ed57b0000 rw-p 00000000 00:00 0 
7f1ed57b0000-7f1ed57b4000 ---p 00000000 00:00 0 
7f1ed57b4000-7f1ed5ab1000 rw-p 00000000 00:00 0 
7f1ed5ab1000-7f1ed5ab5000 ---p 00000000 00:00 0 
7f1ed5ab5000-7f1ed5bb2000 rw-p 00000000 00:00 0 
7f1ed5bb2000-7f1ed5bb6000 ---p 00000000 00:00 0 
7f1ed5bb6000-7f1ed5cb3000 rw-p 00000000 00:00 0 
7f1ed5cb3000-7f1ed5cb7000 ---p 00000000 00:00 0 
7f1ed5cb7000-7f1ed5fb4000 rw-p 00000000 00:00 0 
7f1ed5fb4000-7f1ed5fb8000 ---p 00000000 00:00 0 
7f1ed5fb8000-7f1ed60b5000 rw-p 00000000 00:00 0 
7f1ed60b5000-7f1ed60b9000 ---p 00000000 00:00 0 
7f1ed60b9000-7f1ed61b6000 rw-p 00000000 00:00 0 
7f1ed61b6000-7f1ed61ba000 ---p 00000000 00:00 0 
7f1ed61ba000-7f1ed62b7000 rw-p 00000000 00:00 0 
7f1ed62b7000-7f1ed62bb000 ---p 00000000 00:00 0 
7f1ed62bb000-7f1ed63b8000 rw-p 00000000 00:00 0 
7f1ed63b8000-7f1ed63bc000 ---p 00000000 00:00 0 
7f1ed63bc000-7f1ed66b9000 rw-p 00000000 00:00 0 
7f1ed66b9000-7f1ed66bd000 ---p 00000000 00:00 0 
7f1ed66bd000-7f1ed67ba000 rw-p 00000000 00:00 0 
7f1ed67ba000-7f1ed67be000 ---p 00000000 00:00 0 
7f1ed67be000-7f1ed68bb000 rw-p 00000000 00:00 0 
7f1ed68bb000-7f1ed68bf000 ---p 00000000 00:00 0 
7f1ed68bf000-7f1ed69bc000 rw-p 00000000 00:00 0 
7f1ed69bc000-7f1ed69bd000 ---p 00000000 00:00 0 
7f1ed69bd000-7f1ed6abe000 rw-p 00000000 00:00 0 
7f1ed6abe000-7f1ed6abf000 ---p 00000000 00:00 0 
7f1ed6abf000-7f1ed6bc0000 rw-p 00000000 00:00 0 
7f1ed6bc0000-7f1ed6bc4000 ---p 00000000 00:00 0 
7f1ed6bc4000-7f1ed6cc1000 rw-p 00000000 00:00 0 
7f1ed6cc1000-7f1ed6cc3000 r-xp 00000000 08:08 1187939                    /home/aleksey/idea-IU-193.5233.102/jbr/lib/libextnet.so
7f1ed6cc3000-7f1ed6ec2000 ---p 00002000 08:08 1187939                    /home/aleksey/idea-IU-193.5233.102/jbr/lib/libextnet.so
7f1ed6ec2000-7f1ed6ec3000 r--p 00001000 08:08 1187939                    /home/aleksey/idea-IU-193.5233.102/jbr/lib/libextnet.so
7f1ed6ec3000-7f1ed6ec4000 rw-p 00002000 08:08 1187939                    /home/aleksey/idea-IU-193.5233.102/jbr/lib/libextnet.so
7f1ed6ec4000-7f1ed70c4000 rw-p 00000000 00:00 0 
7f1ed70c4000-7f1ed70c9000 r-xp 00000000 08:08 1187967                    /home/aleksey/idea-IU-193.5233.102/jbr/lib/libmanagement_ext.so
7f1ed70c9000-7f1ed72c8000 ---p 00005000 08:08 1187967                    /home/aleksey/idea-IU-193.5233.102/jbr/lib/libmanagement_ext.so
7f1ed72c8000-7f1ed72c9000 r--p 00004000 08:08 1187967                    /home/aleksey/idea-IU-193.5233.102/jbr/lib/libmanagement_ext.so
7f1ed72c9000-7f1ed72ca000 rw-p 00005000 08:08 1187967                    /home/aleksey/idea-IU-193.5233.102/jbr/lib/libmanagement_ext.so
7f1ed72ca000-7f1ed72ce000 r-xp 00000000 08:08 1187965                    /home/aleksey/idea-IU-193.5233.102/jbr/lib/libmanagement.so
7f1ed72ce000-7f1ed74cd000 ---p 00004000 08:08 1187965                    /home/aleksey/idea-IU-193.5233.102/jbr/lib/libmanagement.so
7f1ed74cd000-7f1ed74ce000 r--p 00003000 08:08 1187965                    /home/aleksey/idea-IU-193.5233.102/jbr/lib/libmanagement.so
7f1ed74ce000-7f1ed74cf000 rw-p 00004000 08:08 1187965                    /home/aleksey/idea-IU-193.5233.102/jbr/lib/libmanagement.so
7f1ed74cf000-7f1ed76cf000 rw-p 00000000 00:00 0 
7f1ed76cf000-7f1ed76d0000 ---p 00000000 00:00 0 
7f1ed76d0000-7f1ed79d1000 rw-p 00000000 00:00 0 
7f1ed79d1000-7f1ed79d6000 r-xp 00000000 08:08 919566                     /home/aleksey/.gradle/native/28/linux-amd64/libnative-platform.so
7f1ed79d6000-7f1ed7bd6000 ---p 00005000 08:08 919566                     /home/aleksey/.gradle/native/28/linux-amd64/libnative-platform.so
7f1ed7bd6000-7f1ed7bd7000 rw-p 00005000 08:08 919566                     /home/aleksey/.gradle/native/28/linux-amd64/libnative-platform.so
7f1ed7bd7000-7f1ed7bee000 r-xp 00000000 08:08 1187969                    /home/aleksey/idea-IU-193.5233.102/jbr/lib/libnet.so
7f1ed7bee000-7f1ed7ded000 ---p 00017000 08:08 1187969                    /home/aleksey/idea-IU-193.5233.102/jbr/lib/libnet.so
7f1ed7ded000-7f1ed7dee000 r--p 00016000 08:08 1187969                    /home/aleksey/idea-IU-193.5233.102/jbr/lib/libnet.so
7f1ed7dee000-7f1ed7def000 rw-p 00017000 08:08 1187969                    /home/aleksey/idea-IU-193.5233.102/jbr/lib/libnet.so
7f1ed7def000-7f1ed7dff000 r-xp 00000000 08:08 1187970                    /home/aleksey/idea-IU-193.5233.102/jbr/lib/libnio.so
7f1ed7dff000-7f1ed7ffe000 ---p 00010000 08:08 1187970                    /home/aleksey/idea-IU-193.5233.102/jbr/lib/libnio.so
7f1ed7ffe000-7f1ed7fff000 r--p 0000f000 08:08 1187970                    /home/aleksey/idea-IU-193.5233.102/jbr/lib/libnio.so
7f1ed7fff000-7f1ed8000000 rw-p 00010000 08:08 1187970                    /home/aleksey/idea-IU-193.5233.102/jbr/lib/libnio.so
7f1ed8000000-7f1ed8021000 rw-p 00000000 00:00 0 
7f1ed8021000-7f1edc000000 ---p 00000000 00:00 0 
7f1edc000000-7f1edc021000 rw-p 00000000 00:00 0 
7f1edc021000-7f1ee0000000 ---p 00000000 00:00 0 
7f1ee0000000-7f1ee04d0000 rw-p 00000000 00:00 0 
7f1ee04d0000-7f1ee4000000 ---p 00000000 00:00 0 
7f1ee4000000-7f1ee4021000 rw-p 00000000 00:00 0 
7f1ee4021000-7f1ee8000000 ---p 00000000 00:00 0 
7f1ee8000000-7f1ee8021000 rw-p 00000000 00:00 0 
7f1ee8021000-7f1eec000000 ---p 00000000 00:00 0 
7f1eec000000-7f1eed97c000 rw-p 00000000 00:00 0 
7f1eed97c000-7f1ef0000000 ---p 00000000 00:00 0 
7f1ef0000000-7f1ef0021000 rw-p 00000000 00:00 0 
7f1ef0021000-7f1ef4000000 ---p 00000000 00:00 0 
7f1ef4000000-7f1ef4021000 rw-p 00000000 00:00 0 
7f1ef4021000-7f1ef8000000 ---p 00000000 00:00 0 
7f1ef8000000-7f1ef8021000 rw-p 00000000 00:00 0 
7f1ef8021000-7f1efc000000 ---p 00000000 00:00 0 
7f1efc000000-7f1efc258000 rw-p 00000000 00:00 0 
7f1efc258000-7f1f00000000 ---p 00000000 00:00 0 
7f1f00000000-7f1f00021000 rw-p 00000000 00:00 0 
7f1f00021000-7f1f04000000 ---p 00000000 00:00 0 
7f1f0409f000-7f1f040a0000 ---p 00000000 00:00 0 
7f1f040a0000-7f1f041a1000 rw-p 00000000 00:00 0 
7f1f041a1000-7f1f041a5000 ---p 00000000 00:00 0 
7f1f041a5000-7f1f042a2000 rw-p 00000000 00:00 0 
7f1f042a2000-7f1f042a6000 ---p 00000000 00:00 0 
7f1f042a6000-7f1f043a3000 rw-p 00000000 00:00 0 
7f1f043a3000-7f1f043a7000 ---p 00000000 00:00 0 
7f1f043a7000-7f1f044a4000 rw-p 00000000 00:00 0 
7f1f044a4000-7f1f044a8000 ---p 00000000 00:00 0 
7f1f044a8000-7f1f045a5000 rw-p 00000000 00:00 0 
7f1f045a5000-7f1f045a9000 ---p 00000000 00:00 0 
7f1f045a9000-7f1f046a6000 rw-p 00000000 00:00 0 
7f1f046a6000-7f1f046aa000 ---p 00000000 00:00 0 
7f1f046aa000-7f1f047a7000 rw-p 00000000 00:00 0 
7f1f047a7000-7f1f05176000 r--p 00000000 08:08 3414750                    /usr/lib/locale/locale-archive
7f1f05176000-7f1f0517a000 ---p 00000000 00:00 0 
7f1f0517a000-7f1f05277000 rw-p 00000000 00:00 0 
7f1f05277000-7f1f0527b000 ---p 00000000 00:00 0 
7f1f0527b000-7f1f05378000 rw-p 00000000 00:00 0 
7f1f05378000-7f1f05379000 ---p 00000000 00:00 0 
7f1f05379000-7f1f05cfb000 rw-p 00000000 00:00 0 
7f1f05cfb000-7f1f05cfc000 ---p 00000000 00:00 0 
7f1f05cfc000-7f1f05dfd000 rw-p 00000000 00:00 0 
7f1f05dfd000-7f1f05dfe000 ---p 00000000 00:00 0 
7f1f05dfe000-7f1f08000000 rw-p 00000000 00:00 0 
7f1f08000000-7f1f08021000 rw-p 00000000 00:00 0 
7f1f08021000-7f1f0c000000 ---p 00000000 00:00 0 
7f1f0c000000-7f1f0c021000 rw-p 00000000 00:00 0 
7f1f0c021000-7f1f10000000 ---p 00000000 00:00 0 
7f1f10000000-7f1f10021000 rw-p 00000000 00:00 0 
7f1f10021000-7f1f14000000 ---p 00000000 00:00 0 
7f1f1401e000-7f1f1404e000 r--p 00000000 08:08 4066354                    /usr/share/locale-langpack/ru/LC_MESSAGES/libc.mo
7f1f1404e000-7f1f14287000 rw-p 00000000 00:00 0 
7f1f14287000-7f1f1494f000 ---p 00000000 00:00 0 
7f1f1494f000-7f1f14a87000 rw-p 00000000 00:00 0 
7f1f14a87000-7f1f1514f000 ---p 00000000 00:00 0 
7f1f1514f000-7f1f153bf000 rwxp 00000000 00:00 0 
7f1f153bf000-7f1f156df000 ---p 00000000 00:00 0 
7f1f156df000-7f1f15d4f000 rwxp 00000000 00:00 0 
7f1f15d4f000-7f1f1cc17000 ---p 00000000 00:00 0 
7f1f1cc17000-7f1f1ce87000 rwxp 00000000 00:00 0 
7f1f1ce87000-7f1f2414f000 ---p 00000000 00:00 0 
7f1f2414f000-7f1f28000000 r--s 00000000 08:08 1187982                    /home/aleksey/idea-IU-193.5233.102/jbr/lib/modules
7f1f28000000-7f1f292c2000 rw-p 00000000 00:00 0 
7f1f292c2000-7f1f2c000000 ---p 00000000 00:00 0 
7f1f2c014000-7f1f2c216000 rw-p 00000000 00:00 0 
7f1f2c216000-7f1f2c217000 ---p 00000000 00:00 0 
7f1f2c217000-7f1f2c318000 rw-p 00000000 00:00 0 
7f1f2c318000-7f1f2c319000 ---p 00000000 00:00 0 
7f1f2c319000-7f1f2c441000 rw-p 00000000 00:00 0 
7f1f2c441000-7f1f2c51a000 ---p 00000000 00:00 0 
7f1f2c51a000-7f1f2c541000 rw-p 00000000 00:00 0 
7f1f2c541000-7f1f2c61a000 ---p 00000000 00:00 0 
7f1f2c61a000-7f1f2c641000 rw-p 00000000 00:00 0 
7f1f2c641000-7f1f2c71a000 ---p 00000000 00:00 0 
7f1f2c71a000-7f1f2cb1e000 rw-p 00000000 00:00 0 
7f1f2cb1e000-7f1f2cb1f000 ---p 00000000 00:00 0 
7f1f2cb1f000-7f1f2cc25000 rw-p 00000000 00:00 0 
7f1f2cc25000-7f1f2cd0b000 ---p 00000000 00:00 0 
7f1f2cd0b000-7f1f2cd18000 rw-p 00000000 00:00 0 
7f1f2cd18000-7f1f2cdf6000 ---p 00000000 00:00 0 
7f1f2cdf6000-7f1f2cdfb000 r-xp 00000000 08:08 1187961                    /home/aleksey/idea-IU-193.5233.102/jbr/lib/libjimage.so
7f1f2cdfb000-7f1f2cffb000 ---p 00005000 08:08 1187961                    /home/aleksey/idea-IU-193.5233.102/jbr/lib/libjimage.so
7f1f2cffb000-7f1f2cffc000 r--p 00005000 08:08 1187961                    /home/aleksey/idea-IU-193.5233.102/jbr/lib/libjimage.so
7f1f2cffc000-7f1f2cffd000 rw-p 00006000 08:08 1187961                    /home/aleksey/idea-IU-193.5233.102/jbr/lib/libjimage.so
7f1f2cffd000-7f1f2d004000 r-xp 00000000 08:08 1187981                    /home/aleksey/idea-IU-193.5233.102/jbr/lib/libzip.so
7f1f2d004000-7f1f2d203000 ---p 00007000 08:08 1187981                    /home/aleksey/idea-IU-193.5233.102/jbr/lib/libzip.so
7f1f2d203000-7f1f2d204000 r--p 00006000 08:08 1187981                    /home/aleksey/idea-IU-193.5233.102/jbr/lib/libzip.so
7f1f2d204000-7f1f2d205000 rw-p 00007000 08:08 1187981                    /home/aleksey/idea-IU-193.5233.102/jbr/lib/libzip.so
7f1f2d205000-7f1f2d210000 r-xp 00000000 08:08 2889009                    /lib/x86_64-linux-gnu/libnss_files-2.27.so
7f1f2d210000-7f1f2d40f000 ---p 0000b000 08:08 2889009                    /lib/x86_64-linux-gnu/libnss_files-2.27.so
7f1f2d40f000-7f1f2d410000 r--p 0000a000 08:08 2889009                    /lib/x86_64-linux-gnu/libnss_files-2.27.so
7f1f2d410000-7f1f2d411000 rw-p 0000b000 08:08 2889009                    /lib/x86_64-linux-gnu/libnss_files-2.27.so
7f1f2d411000-7f1f2d417000 rw-p 00000000 00:00 0 
7f1f2d417000-7f1f2d42e000 r-xp 00000000 08:08 2889003                    /lib/x86_64-linux-gnu/libnsl-2.27.so
7f1f2d42e000-7f1f2d62d000 ---p 00017000 08:08 2889003                    /lib/x86_64-linux-gnu/libnsl-2.27.so
7f1f2d62d000-7f1f2d62e000 r--p 00016000 08:08 2889003                    /lib/x86_64-linux-gnu/libnsl-2.27.so
7f1f2d62e000-7f1f2d62f000 rw-p 00017000 08:08 2889003                    /lib/x86_64-linux-gnu/libnsl-2.27.so
7f1f2d62f000-7f1f2d631000 rw-p 00000000 00:00 0 
7f1f2d631000-7f1f2d63c000 r-xp 00000000 08:08 2889020                    /lib/x86_64-linux-gnu/libnss_nis-2.27.so
7f1f2d63c000-7f1f2d83b000 ---p 0000b000 08:08 2889020                    /lib/x86_64-linux-gnu/libnss_nis-2.27.so
7f1f2d83b000-7f1f2d83c000 r--p 0000a000 08:08 2889020                    /lib/x86_64-linux-gnu/libnss_nis-2.27.so
7f1f2d83c000-7f1f2d83d000 rw-p 0000b000 08:08 2889020                    /lib/x86_64-linux-gnu/libnss_nis-2.27.so
7f1f2d83d000-7f1f2d845000 r-xp 00000000 08:08 2889005                    /lib/x86_64-linux-gnu/libnss_compat-2.27.so
7f1f2d845000-7f1f2da45000 ---p 00008000 08:08 2889005                    /lib/x86_64-linux-gnu/libnss_compat-2.27.so
7f1f2da45000-7f1f2da46000 r--p 00008000 08:08 2889005                    /lib/x86_64-linux-gnu/libnss_compat-2.27.so
7f1f2da46000-7f1f2da47000 rw-p 00009000 08:08 2889005                    /lib/x86_64-linux-gnu/libnss_compat-2.27.so
7f1f2da47000-7f1f2da70000 r-xp 00000000 08:08 1187951                    /home/aleksey/idea-IU-193.5233.102/jbr/lib/libjava.so
7f1f2da70000-7f1f2dc6f000 ---p 00029000 08:08 1187951                    /home/aleksey/idea-IU-193.5233.102/jbr/lib/libjava.so
7f1f2dc6f000-7f1f2dc70000 r--p 00028000 08:08 1187951                    /home/aleksey/idea-IU-193.5233.102/jbr/lib/libjava.so
7f1f2dc70000-7f1f2dc72000 rw-p 00029000 08:08 1187951                    /home/aleksey/idea-IU-193.5233.102/jbr/lib/libjava.so
7f1f2dc72000-7f1f2dc7f000 r-xp 00000000 08:08 1187980                    /home/aleksey/idea-IU-193.5233.102/jbr/lib/libverify.so
7f1f2dc7f000-7f1f2de7e000 ---p 0000d000 08:08 1187980                    /home/aleksey/idea-IU-193.5233.102/jbr/lib/libverify.so
7f1f2de7e000-7f1f2de80000 r--p 0000c000 08:08 1187980                    /home/aleksey/idea-IU-193.5233.102/jbr/lib/libverify.so
7f1f2de80000-7f1f2de81000 rw-p 0000e000 08:08 1187980                    /home/aleksey/idea-IU-193.5233.102/jbr/lib/libverify.so
7f1f2de81000-7f1f2de88000 r-xp 00000000 08:08 2889060                    /lib/x86_64-linux-gnu/librt-2.27.so
7f1f2de88000-7f1f2e087000 ---p 00007000 08:08 2889060                    /lib/x86_64-linux-gnu/librt-2.27.so
7f1f2e087000-7f1f2e088000 r--p 00006000 08:08 2889060                    /lib/x86_64-linux-gnu/librt-2.27.so
7f1f2e088000-7f1f2e089000 rw-p 00007000 08:08 2889060                    /lib/x86_64-linux-gnu/librt-2.27.so
7f1f2e089000-7f1f2e0a0000 r-xp 00000000 08:08 2888956                    /lib/x86_64-linux-gnu/libgcc_s.so.1
7f1f2e0a0000-7f1f2e29f000 ---p 00017000 08:08 2888956                    /lib/x86_64-linux-gnu/libgcc_s.so.1
7f1f2e29f000-7f1f2e2a0000 r--p 00016000 08:08 2888956                    /lib/x86_64-linux-gnu/libgcc_s.so.1
7f1f2e2a0000-7f1f2e2a1000 rw-p 00017000 08:08 2888956                    /lib/x86_64-linux-gnu/libgcc_s.so.1
7f1f2e2a1000-7f1f2e43e000 r-xp 00000000 08:08 2888982                    /lib/x86_64-linux-gnu/libm-2.27.so
7f1f2e43e000-7f1f2e63d000 ---p 0019d000 08:08 2888982                    /lib/x86_64-linux-gnu/libm-2.27.so
7f1f2e63d000-7f1f2e63e000 r--p 0019c000 08:08 2888982                    /lib/x86_64-linux-gnu/libm-2.27.so
7f1f2e63e000-7f1f2e63f000 rw-p 0019d000 08:08 2888982                    /lib/x86_64-linux-gnu/libm-2.27.so
7f1f2e63f000-7f1f2e7b8000 r-xp 00000000 08:08 3417792                    /usr/lib/x86_64-linux-gnu/libstdc++.so.6.0.25
7f1f2e7b8000-7f1f2e9b8000 ---p 00179000 08:08 3417792                    /usr/lib/x86_64-linux-gnu/libstdc++.so.6.0.25
7f1f2e9b8000-7f1f2e9c2000 r--p 00179000 08:08 3417792                    /usr/lib/x86_64-linux-gnu/libstdc++.so.6.0.25
7f1f2e9c2000-7f1f2e9c4000 rw-p 00183000 08:08 3417792                    /usr/lib/x86_64-linux-gnu/libstdc++.so.6.0.25
7f1f2e9c4000-7f1f2e9c8000 rw-p 00000000 00:00 0 
7f1f2e9c8000-7f1f2fa71000 r-xp 00000000 08:08 1445385                    /home/aleksey/idea-IU-193.5233.102/jbr/lib/server/libjvm.so
7f1f2fa71000-7f1f2fc71000 ---p 010a9000 08:08 1445385                    /home/aleksey/idea-IU-193.5233.102/jbr/lib/server/libjvm.so
7f1f2fc71000-7f1f2fd3f000 r--p 010a9000 08:08 1445385                    /home/aleksey/idea-IU-193.5233.102/jbr/lib/server/libjvm.so
7f1f2fd3f000-7f1f2fd79000 rw-p 01177000 08:08 1445385                    /home/aleksey/idea-IU-193.5233.102/jbr/lib/server/libjvm.so
7f1f2fd79000-7f1f2fdd2000 rw-p 00000000 00:00 0 
7f1f2fdd2000-7f1f2ffb9000 r-xp 00000000 08:08 2888919                    /lib/x86_64-linux-gnu/libc-2.27.so
7f1f2ffb9000-7f1f301b9000 ---p 001e7000 08:08 2888919                    /lib/x86_64-linux-gnu/libc-2.27.so
7f1f301b9000-7f1f301bd000 r--p 001e7000 08:08 2888919                    /lib/x86_64-linux-gnu/libc-2.27.so
7f1f301bd000-7f1f301bf000 rw-p 001eb000 08:08 2888919                    /lib/x86_64-linux-gnu/libc-2.27.so
7f1f301bf000-7f1f301c3000 rw-p 00000000 00:00 0 
7f1f301c3000-7f1f301c6000 r-xp 00000000 08:08 2888942                    /lib/x86_64-linux-gnu/libdl-2.27.so
7f1f301c6000-7f1f303c5000 ---p 00003000 08:08 2888942                    /lib/x86_64-linux-gnu/libdl-2.27.so
7f1f303c5000-7f1f303c6000 r--p 00002000 08:08 2888942                    /lib/x86_64-linux-gnu/libdl-2.27.so
7f1f303c6000-7f1f303c7000 rw-p 00003000 08:08 2888942                    /lib/x86_64-linux-gnu/libdl-2.27.so
7f1f303c7000-7f1f303d6000 r-xp 00000000 08:08 1445376                    /home/aleksey/idea-IU-193.5233.102/jbr/lib/jli/libjli.so
7f1f303d6000-7f1f305d5000 ---p 0000f000 08:08 1445376                    /home/aleksey/idea-IU-193.5233.102/jbr/lib/jli/libjli.so
7f1f305d5000-7f1f305d6000 r--p 0000e000 08:08 1445376                    /home/aleksey/idea-IU-193.5233.102/jbr/lib/jli/libjli.so
7f1f305d6000-7f1f305d7000 rw-p 0000f000 08:08 1445376                    /home/aleksey/idea-IU-193.5233.102/jbr/lib/jli/libjli.so
7f1f305d7000-7f1f305f1000 r-xp 00000000 08:08 2889052                    /lib/x86_64-linux-gnu/libpthread-2.27.so
7f1f305f1000-7f1f307f0000 ---p 0001a000 08:08 2889052                    /lib/x86_64-linux-gnu/libpthread-2.27.so
7f1f307f0000-7f1f307f1000 r--p 00019000 08:08 2889052                    /lib/x86_64-linux-gnu/libpthread-2.27.so
7f1f307f1000-7f1f307f2000 rw-p 0001a000 08:08 2889052                    /lib/x86_64-linux-gnu/libpthread-2.27.so
7f1f307f2000-7f1f307f6000 rw-p 00000000 00:00 0 
7f1f307f6000-7f1f30812000 r-xp 00000000 08:08 2889091                    /lib/x86_64-linux-gnu/libz.so.1.2.11
7f1f30812000-7f1f30a11000 ---p 0001c000 08:08 2889091                    /lib/x86_64-linux-gnu/libz.so.1.2.11
7f1f30a11000-7f1f30a12000 r--p 0001b000 08:08 2889091                    /lib/x86_64-linux-gnu/libz.so.1.2.11
7f1f30a12000-7f1f30a13000 rw-p 0001c000 08:08 2889091                    /lib/x86_64-linux-gnu/libz.so.1.2.11
7f1f30a13000-7f1f30a3a000 r-xp 00000000 08:08 2888891                    /lib/x86_64-linux-gnu/ld-2.27.so
7f1f30a4f000-7f1f30a56000 r--s 00000000 08:08 3671582                    /usr/lib/x86_64-linux-gnu/gconv/gconv-modules.cache
7f1f30a56000-7f1f30b1c000 rw-p 00000000 00:00 0 
7f1f30b1c000-7f1f30b20000 ---p 00000000 00:00 0 
7f1f30b20000-7f1f30c21000 rw-p 00000000 00:00 0 
7f1f30c24000-7f1f30c29000 rw-p 00000000 00:00 0 
7f1f30c29000-7f1f30c30000 ---p 00000000 00:00 0 
7f1f30c30000-7f1f30c38000 rw-s 00000000 08:08 3023373                    /tmp/hsperfdata_aleksey/28807
7f1f30c38000-7f1f30c39000 ---p 00000000 00:00 0 
7f1f30c39000-7f1f30c3a000 r--p 00000000 00:00 0 
7f1f30c3a000-7f1f30c3b000 r--p 00027000 08:08 2888891                    /lib/x86_64-linux-gnu/ld-2.27.so
7f1f30c3b000-7f1f30c3c000 rw-p 00028000 08:08 2888891                    /lib/x86_64-linux-gnu/ld-2.27.so
7f1f30c3c000-7f1f30c3d000 rw-p 00000000 00:00 0 
7ffc62c4f000-7ffc62c70000 rw-p 00000000 00:00 0                          [stack]
7ffc62cbc000-7ffc62cbf000 r--p 00000000 00:00 0                          [vvar]
7ffc62cbf000-7ffc62cc0000 r-xp 00000000 00:00 0                          [vdso]
ffffffffff600000-ffffffffff601000 r-xp 00000000 00:00 0                  [vsyscall]


VM Arguments:
jvm_args: --add-opens=java.base/java.util=ALL-UNNAMED --add-opens=java.base/java.lang=ALL-UNNAMED --add-opens=java.base/java.lang.invoke=ALL-UNNAMED --add-opens=java.prefs/java.util.prefs=ALL-UNNAMED -XX:MaxMetaspaceSize=256m -XX:+HeapDumpOnOutOfMemoryError -Xmx512m -Dfile.encoding=UTF-8 -Duser.country=RU -Duser.language=ru -Duser.variant 
java_command: org.gradle.launcher.daemon.bootstrap.GradleDaemon 5.2.1
java_class_path (initial): /home/aleksey/.gradle/wrapper/dists/gradle-5.2.1-bin/9lc4nzslqh3ep7ml2tp68fk8s/gradle-5.2.1/lib/gradle-launcher-5.2.1.jar
Launcher Type: SUN_STANDARD

[Global flags]
     intx CICompilerCount                          = 3                                         {product} {ergonomic}
   size_t CompressedClassSpaceSize                 = 260046848                                 {product} {ergonomic}
     uint ConcGCThreads                            = 1                                         {product} {ergonomic}
     uint G1ConcRefinementThreads                  = 4                                         {product} {ergonomic}
   size_t G1HeapRegionSize                         = 1048576                                   {product} {ergonomic}
    uintx GCDrainStackTargetSize                   = 64                                        {product} {ergonomic}
     bool HeapDumpOnOutOfMemoryError               = true                                   {manageable} {command line}
   size_t InitialHeapSize                          = 81788928                                  {product} {ergonomic}
   size_t MarkStackSize                            = 4194304                                   {product} {ergonomic}
   size_t MaxHeapSize                              = 536870912                                 {product} {command line}
   size_t MaxMetaspaceSize                         = 268435456                                 {product} {command line}
   size_t MaxNewSize                               = 321912832                                 {product} {ergonomic}
   size_t MinHeapDeltaBytes                        = 1048576                                   {product} {ergonomic}
    uintx NonNMethodCodeHeapSize                   = 5830092                                {pd product} {ergonomic}
    uintx NonProfiledCodeHeapSize                  = 122914074                              {pd product} {ergonomic}
    uintx ProfiledCodeHeapSize                     = 122914074                              {pd product} {ergonomic}
    uintx ReservedCodeCacheSize                    = 251658240                              {pd product} {ergonomic}
     bool SegmentedCodeCache                       = true                                      {product} {ergonomic}
     bool UseCompressedClassPointers               = true                                 {lp64_product} {ergonomic}
     bool UseCompressedOops                        = true                                 {lp64_product} {ergonomic}
     bool UseG1GC                                  = true                                      {product} {ergonomic}

Logging:
Log output configuration:
 #0: stdout all=warning uptime,level,tags
 #1: stderr all=off uptime,level,tags

Environment Variables:
PATH=/home/aleksey/.local/bin:/usr/local/sbin:/usr/local/bin:/usr/sbin:/usr/bin:/sbin:/bin:/usr/games:/usr/local/games:/snap/bin
USERNAME=aleksey
SHELL=/bin/bash
DISPLAY=:0

Signal Handlers:
SIGSEGV: [libjvm.so+0xd98850], sa_mask[0]=11111111011111111101111111111110, sa_flags=SA_RESTART|SA_SIGINFO
SIGBUS: [libjvm.so+0xd98850], sa_mask[0]=11111111011111111101111111111110, sa_flags=SA_RESTART|SA_SIGINFO
SIGFPE: [libjvm.so+0xd98850], sa_mask[0]=11111111011111111101111111111110, sa_flags=SA_RESTART|SA_SIGINFO
SIGPIPE: [libjvm.so+0xb99df0], sa_mask[0]=11111111011111111101111111111110, sa_flags=SA_RESTART|SA_SIGINFO
SIGXFSZ: [libjvm.so+0xb99df0], sa_mask[0]=11111111011111111101111111111110, sa_flags=SA_RESTART|SA_SIGINFO
SIGILL: [libjvm.so+0xd98850], sa_mask[0]=11111111011111111101111111111110, sa_flags=SA_RESTART|SA_SIGINFO
SIGUSR2: [libjvm.so+0xb99c90], sa_mask[0]=00100000000000000000000000000000, sa_flags=SA_RESTART|SA_SIGINFO
SIGHUP: [libjvm.so+0xb99e40], sa_mask[0]=11111111011111111101111111111110, sa_flags=SA_RESTART|SA_SIGINFO
SIGINT: [libjvm.so+0xb99e40], sa_mask[0]=11111111011111111101111111111110, sa_flags=SA_RESTART|SA_SIGINFO
SIGTERM: [libjvm.so+0xb99e40], sa_mask[0]=11111111011111111101111111111110, sa_flags=SA_RESTART|SA_SIGINFO
SIGQUIT: [libjvm.so+0xb99e40], sa_mask[0]=11111111011111111101111111111110, sa_flags=SA_RESTART|SA_SIGINFO


---------------  S Y S T E M  ---------------

OS:DISTRIB_ID=Ubuntu
DISTRIB_RELEASE=18.04
DISTRIB_CODENAME=bionic
DISTRIB_DESCRIPTION="Ubuntu 18.04.3 LTS"
uname:Linux 5.0.0-36-generic #39~18.04.1-Ubuntu SMP Tue Nov 12 11:09:50 UTC 2019 x86_64
libc:glibc 2.27 NPTL 2.27 
rlimit: STACK 8192k, CORE 0k, NPROC 19392, NOFILE 1048576, AS infinity, DATA infinity, FSIZE infinity
load average:11,41 3,80 2,02

/proc/meminfo:
MemTotal:        5012872 kB
MemFree:          102548 kB
MemAvailable:       6876 kB
Buffers:             744 kB
Cached:            98044 kB
SwapCached:          248 kB
Active:          3718696 kB
Inactive:         631052 kB
Active(anon):    3708676 kB
Inactive(anon):   618048 kB
Active(file):      10020 kB
Inactive(file):    13004 kB
Unevictable:          80 kB
Mlocked:              80 kB
SwapTotal:       2097148 kB
SwapFree:              0 kB
Dirty:                 0 kB
Writeback:            88 kB
AnonPages:       4251192 kB
Mapped:            22452 kB
Shmem:             75516 kB
KReclaimable:      40788 kB
Slab:             107024 kB
SReclaimable:      40788 kB
SUnreclaim:        66236 kB
KernelStack:       19600 kB
PageTables:        89008 kB
NFS_Unstable:          0 kB
Bounce:                0 kB
WritebackTmp:          0 kB
CommitLimit:     4603584 kB
Committed_AS:   13253364 kB
VmallocTotal:   34359738367 kB
VmallocUsed:           0 kB
VmallocChunk:          0 kB
Percpu:             1216 kB
HardwareCorrupted:     0 kB
AnonHugePages:         0 kB
ShmemHugePages:        0 kB
ShmemPmdMapped:        0 kB
CmaTotal:              0 kB
CmaFree:               0 kB
HugePages_Total:       0
HugePages_Free:        0
HugePages_Rsvd:        0
HugePages_Surp:        0
Hugepagesize:       2048 kB
Hugetlb:               0 kB
DirectMap4k:     3880444 kB
DirectMap2M:     1306624 kB
DirectMap1G:           0 kB


/proc/sys/kernel/threads-max (system-wide limit on the number of threads):
38785


/proc/sys/vm/max_map_count (maximum number of memory map areas a process may have):
65530


/proc/sys/kernel/pid_max (system-wide limit on number of process identifiers):
32768



container (cgroup) information:
container_type: cgroupv1
cpu_cpuset_cpus: 0-3
cpu_memory_nodes: 0
active_processor_count: 4
cpu_quota: -1
cpu_period: 100000
cpu_shares: -1
memory_limit_in_bytes: -1
memory_and_swap_limit_in_bytes: -2
memory_soft_limit_in_bytes: -1
memory_usage_in_bytes: 4451680256
memory_max_usage_in_bytes: 414953472

Steal ticks since vm start: 0
Steal ticks percentage since vm start:  0,000

CPU:total 4 (initial active 4) (4 cores per cpu, 1 threads per core) family 22 model 48 stepping 1, cmov, cx8, fxsr, mmx, sse, sse2, sse3, ssse3, sse4.1, sse4.2, popcnt, avx, aes, clmul, mmxext, 3dnowpref, lzcnt, sse4a, tsc, tscinvbit, tscinv, bmi1
CPU Model and flags from /proc/cpuinfo:
model name	: AMD A6-7310 APU with AMD Radeon R4 Graphics
flags		: fpu vme de pse tsc msr pae mce cx8 apic sep mtrr pge mca cmov pat pse36 clflush mmx fxsr sse sse2 ht syscall nx mmxext fxsr_opt pdpe1gb rdtscp lm constant_tsc rep_good acc_power nopl nonstop_tsc cpuid extd_apicid aperfmperf pni pclmulqdq monitor ssse3 cx16 sse4_1 sse4_2 movbe popcnt aes xsave avx f16c lahf_lm cmp_legacy svm extapic cr8_legacy abm sse4a misalignsse 3dnowprefetch osvw ibs skinit wdt topoext perfctr_nb bpext ptsc perfctr_llc cpb hw_pstate ssbd vmmcall bmi1 xsaveopt arat npt lbrv svm_lock nrip_save tsc_scale flushbyasid decodeassists pausefilter pfthreshold overflow_recov

Memory: 4k page, physical 5012872k(106580k free), swap 2097148k(0k free)

vm_info: OpenJDK 64-Bit Server VM (11.0.4+10-b520.11) for linux-amd64 JRE (11.0.4+10-b520.11), built on Nov 16 2019 01:49:16 by "" with gcc 4.8.5 20150623 (Red Hat 4.8.5-36)

END.
